  [1m[35m (4059.2ms)[0m  [1m[35mCREATE DATABASE "makeown_development" ENCODING = 'unicode'[0m
  ↳ C:/Ruby25-x64/bin/rake:23
  [1m[35m (1604.1ms)[0m  [1m[35mCREATE DATABASE "makeown_test" ENCODING = 'unicode'[0m
  ↳ C:/Ruby25-x64/bin/rake:23
Started GET "/" for 127.0.0.1 at 2018-07-17 13:38:09 +0300
Processing by Rails::WelcomeController#index as HTML
  Rendering C:/Ruby25-x64/lib/ruby/gems/2.5.0/gems/railties-5.2.0/lib/rails/templates/rails/welcome/index.html.erb
  Rendered C:/Ruby25-x64/lib/ruby/gems/2.5.0/gems/railties-5.2.0/lib/rails/templates/rails/welcome/index.html.erb (10.0ms)
Completed 200 OK in 134ms (Views: 95.1ms | ActiveRecord: 0.0ms)


Started GET "/" for 127.0.0.1 at 2018-07-17 13:40:05 +0300
  
ArgumentError (Missing :controller key on routes definition, please check your routes.):
  
config/routes.rb:2:in `block in <top (required)>'
config/routes.rb:1:in `<top (required)>'
Started GET "/" for 127.0.0.1 at 2018-07-17 13:40:57 +0300
Processing by PagesController#home as HTML
  Rendering pages/home.html.erb within layouts/application
  Rendered pages/home.html.erb within layouts/application (0.0ms)
[Webpacker] Compiling…
[Webpacker] Compiled all packs in D:/lwwwr/makeown/public/packs
Completed 500 Internal Server Error in 3387ms (ActiveRecord: 0.0ms)


  
ActionView::Template::Error (Webpacker can't find application.css in D:/lwwwr/makeown/public/packs/manifest.json. Possible causes:
1. You want to set webpacker.yml value of compile to true for your environment
   unless you are using the `webpack -w` or the webpack-dev-server.
2. webpack has not yet re-run to reflect updates.
3. You have misconfigured Webpacker's config/webpacker.yml file.
4. Your webpack configuration is not creating a manifest.
Your manifest contains:
{
  "application.js": "/packs/application-8b4417e9c70a5b3c0f4d.js",
  "application.js.map": "/packs/application-8b4417e9c70a5b3c0f4d.js.map"
}
):
     5:     <%= csrf_meta_tags %>
     6:     <%= csp_meta_tag %>
     7: 
     8:     <%= stylesheet_pack_tag    'application', media: 'all' %>
     9:     <%= javascript_pack_tag 'application' %>
    10:   </head>
    11: 
  
app/views/layouts/application.html.erb:8:in `_app_views_layouts_application_html_erb__850439925_82522500'
Started GET "/" for 127.0.0.1 at 2018-07-17 13:41:50 +0300
Processing by PagesController#home as HTML
  Rendering pages/home.html.erb within layouts/application
  Rendered pages/home.html.erb within layouts/application (0.0ms)
Completed 500 Internal Server Error in 99ms (ActiveRecord: 0.0ms)


  
ActionView::Template::Error (Webpacker can't find application.css in D:/lwwwr/makeown/public/packs/manifest.json. Possible causes:
1. You want to set webpacker.yml value of compile to true for your environment
   unless you are using the `webpack -w` or the webpack-dev-server.
2. webpack has not yet re-run to reflect updates.
3. You have misconfigured Webpacker's config/webpacker.yml file.
4. Your webpack configuration is not creating a manifest.
Your manifest contains:
{
  "application.js": "/packs/application-8b4417e9c70a5b3c0f4d.js",
  "application.js.map": "/packs/application-8b4417e9c70a5b3c0f4d.js.map"
}
):
     5:     <%= csrf_meta_tags %>
     6:     <%= csp_meta_tag %>
     7: 
     8:     <%= stylesheet_pack_tag 'application' %>
     9:     <%= javascript_pack_tag 'application' %>
    10:   </head>
    11: 
  
app/views/layouts/application.html.erb:8:in `_app_views_layouts_application_html_erb__850439925_82338460'
Started GET "/" for 127.0.0.1 at 2018-07-17 13:42:39 +0300
Processing by PagesController#home as HTML
  Rendering pages/home.html.erb within layouts/application
  Rendered pages/home.html.erb within layouts/application (0.0ms)
Completed 500 Internal Server Error in 120ms (ActiveRecord: 0.0ms)


  
ActionView::Template::Error (Webpacker can't find application.css in D:/lwwwr/makeown/public/packs/manifest.json. Possible causes:
1. You want to set webpacker.yml value of compile to true for your environment
   unless you are using the `webpack -w` or the webpack-dev-server.
2. webpack has not yet re-run to reflect updates.
3. You have misconfigured Webpacker's config/webpacker.yml file.
4. Your webpack configuration is not creating a manifest.
Your manifest contains:
{
  "application.js": "/packs/application-8b4417e9c70a5b3c0f4d.js",
  "application.js.map": "/packs/application-8b4417e9c70a5b3c0f4d.js.map"
}
):
     5:     <%= csrf_meta_tags %>
     6:     <%= csp_meta_tag %>
     7: 
     8:     <%= stylesheet_pack_tag 'application' %>
     9:     <%= javascript_pack_tag 'application' %>
    10:   </head>
    11: 
  
app/views/layouts/application.html.erb:8:in `_app_views_layouts_application_html_erb__850439925_81983160'
Started GET "/" for 127.0.0.1 at 2018-07-17 13:43:03 +0300
Processing by PagesController#home as HTML
  Rendering pages/home.html.erb within layouts/application
  Rendered pages/home.html.erb within layouts/application (4.0ms)
Completed 500 Internal Server Error in 125ms (ActiveRecord: 0.0ms)


  
ActionView::Template::Error (Webpacker can't find application.css in D:/lwwwr/makeown/public/packs/manifest.json. Possible causes:
1. You want to set webpacker.yml value of compile to true for your environment
   unless you are using the `webpack -w` or the webpack-dev-server.
2. webpack has not yet re-run to reflect updates.
3. You have misconfigured Webpacker's config/webpacker.yml file.
4. Your webpack configuration is not creating a manifest.
Your manifest contains:
{
  "application.js": "/packs/application-8b4417e9c70a5b3c0f4d.js",
  "application.js.map": "/packs/application-8b4417e9c70a5b3c0f4d.js.map"
}
):
     5:     <%= csrf_meta_tags %>
     6:     <%= csp_meta_tag %>
     7: 
     8:     <%= stylesheet_pack_tag 'application' %>
     9:     <%= javascript_pack_tag 'application' %>
    10:   </head>
    11: 
  
app/views/layouts/application.html.erb:8:in `_app_views_layouts_application_html_erb__1006719463_35214200'
Started GET "/" for 127.0.0.1 at 2018-07-17 13:43:50 +0300
Processing by PagesController#home as HTML
  Rendering pages/home.html.erb within layouts/application
  Rendered pages/home.html.erb within layouts/application (0.0ms)
[Webpacker] Compiling…
[Webpacker] Compiled all packs in D:/lwwwr/makeown/public/packs
Completed 200 OK in 4223ms (Views: 4214.8ms | ActiveRecord: 0.0ms)


Started GET "/" for 127.0.0.1 at 2018-07-17 13:44:41 +0300
Processing by PagesController#home as HTML
  Rendering pages/home.html.erb within layouts/application
  Rendered pages/home.html.erb within layouts/application (1.0ms)
[Webpacker] Compiling…
[Webpacker] Compiled all packs in D:/lwwwr/makeown/public/packs
Completed 200 OK in 4007ms (Views: 3993.9ms | ActiveRecord: 0.0ms)


Started GET "/" for 127.0.0.1 at 2018-07-17 15:30:36 +0300
Processing by PagesController#home as HTML
  Rendering pages/home.html.erb within layouts/application
  Rendered pages/home.html.erb within layouts/application (1.0ms)
[Webpacker] Compiling…
[Webpacker] Compiled all packs in D:/lwwwr/makeown/public/packs
Completed 200 OK in 4057ms (Views: 4045.8ms | ActiveRecord: 0.0ms)


  [1m[35m (18.0ms)[0m  [1m[35mCREATE DATABASE "makeown_development" ENCODING = 'unicode'[0m
  ↳ C:/Ruby25-x64/bin/rake:23
  [1m[35m (1.0ms)[0m  [1m[35mCREATE DATABASE "makeown_test" ENCODING = 'unicode'[0m
  ↳ C:/Ruby25-x64/bin/rake:23
  [1m[35m (402.0ms)[0m  [1m[35mCREATE TABLE "schema_migrations" ("version" character varying NOT NULL PRIMARY KEY)[0m
  ↳ C:/Ruby25-x64/bin/rake:23
  [1m[35m (73.0ms)[0m  [1m[35mCREATE TABLE "ar_internal_metadata" ("key" character varying NOT NULL PRIMARY KEY, "value" character varying, "created_at" timestamp NOT NULL, "updated_at" timestamp NOT NULL)[0m
  ↳ C:/Ruby25-x64/bin/rake:23
  [1m[35m (34.0ms)[0m  [1m[34mSELECT pg_try_advisory_lock(4547408366071977630)[0m
  ↳ C:/Ruby25-x64/bin/rake:23
  [1m[35m (1.0ms)[0m  [1m[34mSELECT "schema_migrations"."version" FROM "schema_migrations" ORDER BY "schema_migrations"."version" ASC[0m
  ↳ C:/Ruby25-x64/bin/rake:23
Migrating to DeviseCreateUsers (20180725102719)
  [1m[35m (0.0ms)[0m  [1m[35mBEGIN[0m
  ↳ C:/Ruby25-x64/bin/rake:23
  [1m[35m (64.0ms)[0m  [1m[35mCREATE TABLE "users" ("id" bigserial primary key, "email" character varying DEFAULT '' NOT NULL, "encrypted_password" character varying DEFAULT '' NOT NULL, "reset_password_token" character varying, "reset_password_sent_at" timestamp, "remember_created_at" timestamp, "current_sign_in_at" timestamp, "last_sign_in_at" timestamp, "confirmation_token" character varying, "confirmed_at" timestamp, "confirmation_sent_at" timestamp, "unconfirmed_email" character varying, "created_at" timestamp NOT NULL, "updated_at" timestamp NOT NULL)[0m
  ↳ db/migrate/20180725102719_devise_create_users.rb:5
  [1m[35m (8.0ms)[0m  [1m[35mCREATE UNIQUE INDEX  "index_users_on_email" ON "users"  ("email")[0m
  ↳ db/migrate/20180725102719_devise_create_users.rb:39
  [1m[35m (19.0ms)[0m  [1m[35mCREATE UNIQUE INDEX  "index_users_on_reset_password_token" ON "users"  ("reset_password_token")[0m
  ↳ db/migrate/20180725102719_devise_create_users.rb:40
  [1m[36mActiveRecord::SchemaMigration Create (1.0ms)[0m  [1m[32mINSERT INTO "schema_migrations" ("version") VALUES ($1) RETURNING "version"[0m  [["version", "20180725102719"]]
  ↳ C:/Ruby25-x64/bin/rake:23
  [1m[35m (7.0ms)[0m  [1m[35mCOMMIT[0m
  ↳ C:/Ruby25-x64/bin/rake:23
Migrating to CreateUserInfos (20180726083824)
  [1m[35m (3.0ms)[0m  [1m[35mBEGIN[0m
  ↳ C:/Ruby25-x64/bin/rake:23
  [1m[35m (97.0ms)[0m  [1m[35mCREATE TABLE "user_infos" ("id" bigserial primary key, "user_id" bigint, "fio" character varying, "about" character varying, "education" character varying, "skills" character varying, "experience" character varying, "city" character varying, "created_at" timestamp NOT NULL, "updated_at" timestamp NOT NULL, CONSTRAINT "fk_rails_ed96de4cb0"
FOREIGN KEY ("user_id")
  REFERENCES "users" ("id")
)[0m
  ↳ db/migrate/20180726083824_create_user_infos.rb:3
  [1m[35m (13.0ms)[0m  [1m[35mCREATE  INDEX  "index_user_infos_on_user_id" ON "user_infos"  ("user_id")[0m
  ↳ db/migrate/20180726083824_create_user_infos.rb:3
  [1m[36mActiveRecord::SchemaMigration Create (1.0ms)[0m  [1m[32mINSERT INTO "schema_migrations" ("version") VALUES ($1) RETURNING "version"[0m  [["version", "20180726083824"]]
  ↳ C:/Ruby25-x64/bin/rake:23
  [1m[35m (2.0ms)[0m  [1m[35mCOMMIT[0m
  ↳ C:/Ruby25-x64/bin/rake:23
  [1m[36mActiveRecord::InternalMetadata Load (1.0ms)[0m  [1m[34mSELECT  "ar_internal_metadata".* FROM "ar_internal_metadata" WHERE "ar_internal_metadata"."key" = $1 LIMIT $2[0m  [["key", "environment"], ["LIMIT", 1]]
  ↳ C:/Ruby25-x64/bin/rake:23
  [1m[35m (0.0ms)[0m  [1m[35mBEGIN[0m
  ↳ C:/Ruby25-x64/bin/rake:23
  [1m[36mActiveRecord::InternalMetadata Create (1.0ms)[0m  [1m[32mINSERT INTO "ar_internal_metadata" ("key", "value", "created_at", "updated_at") VALUES ($1, $2, $3, $4) RETURNING "key"[0m  [["key", "environment"], ["value", "development"], ["created_at", "2018-07-26 08:39:35.394653"], ["updated_at", "2018-07-26 08:39:35.394653"]]
  ↳ C:/Ruby25-x64/bin/rake:23
  [1m[35m (1.0ms)[0m  [1m[35mCOMMIT[0m
  ↳ C:/Ruby25-x64/bin/rake:23
  [1m[35m (1.0ms)[0m  [1m[34mSELECT pg_advisory_unlock(4547408366071977630)[0m
  ↳ C:/Ruby25-x64/bin/rake:23
  [1m[35m (1.0ms)[0m  [1m[34mSELECT "schema_migrations"."version" FROM "schema_migrations" ORDER BY "schema_migrations"."version" ASC[0m
  ↳ C:/Ruby25-x64/bin/rake:23
  [1m[35m (0.0ms)[0m  [1m[34mSELECT pg_try_advisory_lock(4547408366071977630)[0m
  ↳ C:/Ruby25-x64/bin/rake:23
  [1m[35m (0.0ms)[0m  [1m[34mSELECT "schema_migrations"."version" FROM "schema_migrations" ORDER BY "schema_migrations"."version" ASC[0m
  ↳ C:/Ruby25-x64/bin/rake:23
Migrating to CreateCategories (20180726084005)
  [1m[35m (1.0ms)[0m  [1m[35mBEGIN[0m
  ↳ C:/Ruby25-x64/bin/rake:23
  [1m[35m (35.0ms)[0m  [1m[35mCREATE TABLE "categories" ("id" bigserial primary key, "name" character varying, "created_at" timestamp NOT NULL, "updated_at" timestamp NOT NULL)[0m
  ↳ db/migrate/20180726084005_create_categories.rb:3
  [1m[36mActiveRecord::SchemaMigration Create (0.0ms)[0m  [1m[32mINSERT INTO "schema_migrations" ("version") VALUES ($1) RETURNING "version"[0m  [["version", "20180726084005"]]
  ↳ C:/Ruby25-x64/bin/rake:23
  [1m[35m (18.0ms)[0m  [1m[35mCOMMIT[0m
  ↳ C:/Ruby25-x64/bin/rake:23
  [1m[36mActiveRecord::InternalMetadata Load (0.0ms)[0m  [1m[34mSELECT  "ar_internal_metadata".* FROM "ar_internal_metadata" WHERE "ar_internal_metadata"."key" = $1 LIMIT $2[0m  [["key", "environment"], ["LIMIT", 1]]
  ↳ C:/Ruby25-x64/bin/rake:23
  [1m[35m (0.0ms)[0m  [1m[35mBEGIN[0m
  ↳ C:/Ruby25-x64/bin/rake:23
  [1m[35m (1.0ms)[0m  [1m[35mCOMMIT[0m
  ↳ C:/Ruby25-x64/bin/rake:23
  [1m[35m (0.0ms)[0m  [1m[34mSELECT pg_advisory_unlock(4547408366071977630)[0m
  ↳ C:/Ruby25-x64/bin/rake:23
  [1m[35m (1.0ms)[0m  [1m[34mSELECT "schema_migrations"."version" FROM "schema_migrations" ORDER BY "schema_migrations"."version" ASC[0m
  ↳ C:/Ruby25-x64/bin/rake:23
  [1m[35m (0.0ms)[0m  [1m[34mSELECT pg_try_advisory_lock(4547408366071977630)[0m
  ↳ C:/Ruby25-x64/bin/rake:23
  [1m[35m (1.0ms)[0m  [1m[34mSELECT "schema_migrations"."version" FROM "schema_migrations" ORDER BY "schema_migrations"."version" ASC[0m
  ↳ C:/Ruby25-x64/bin/rake:23
Migrating to CreateUserCategories (20180726084225)
  [1m[35m (0.0ms)[0m  [1m[35mBEGIN[0m
  ↳ C:/Ruby25-x64/bin/rake:23
  [1m[35m (11.0ms)[0m  [1m[35mCREATE TABLE "user_categories" ("id" bigserial primary key, "user_id" bigint, "category_id" bigint, "created_at" timestamp NOT NULL, "updated_at" timestamp NOT NULL, CONSTRAINT "fk_rails_1cc6b36bdf"
FOREIGN KEY ("user_id")
  REFERENCES "users" ("id")
, CONSTRAINT "fk_rails_0457e32cde"
FOREIGN KEY ("category_id")
  REFERENCES "categories" ("id")
)[0m
  ↳ db/migrate/20180726084225_create_user_categories.rb:3
  [1m[35m (3.0ms)[0m  [1m[35mCREATE  INDEX  "index_user_categories_on_user_id" ON "user_categories"  ("user_id")[0m
  ↳ db/migrate/20180726084225_create_user_categories.rb:3
  [1m[35m (3.0ms)[0m  [1m[35mCREATE  INDEX  "index_user_categories_on_category_id" ON "user_categories"  ("category_id")[0m
  ↳ db/migrate/20180726084225_create_user_categories.rb:3
  [1m[36mActiveRecord::SchemaMigration Create (1.0ms)[0m  [1m[32mINSERT INTO "schema_migrations" ("version") VALUES ($1) RETURNING "version"[0m  [["version", "20180726084225"]]
  ↳ C:/Ruby25-x64/bin/rake:23
  [1m[35m (20.0ms)[0m  [1m[35mCOMMIT[0m
  ↳ C:/Ruby25-x64/bin/rake:23
Migrating to CreateOrders (20180726085602)
  [1m[35m (1.0ms)[0m  [1m[35mBEGIN[0m
  ↳ C:/Ruby25-x64/bin/rake:23
  [1m[35m (47.0ms)[0m  [1m[35mCREATE TABLE "orders" ("id" bigserial primary key, "user_id" bigint, "desc" character varying, "address" character varying, "who" integer, "status" boolean, "end_data" timestamp, "created_at" timestamp NOT NULL, "updated_at" timestamp NOT NULL, CONSTRAINT "fk_rails_f868b47f6a"
FOREIGN KEY ("user_id")
  REFERENCES "users" ("id")
)[0m
  ↳ db/migrate/20180726085602_create_orders.rb:3
  [1m[35m (3.0ms)[0m  [1m[35mCREATE  INDEX  "index_orders_on_user_id" ON "orders"  ("user_id")[0m
  ↳ db/migrate/20180726085602_create_orders.rb:3
  [1m[36mActiveRecord::SchemaMigration Create (0.0ms)[0m  [1m[32mINSERT INTO "schema_migrations" ("version") VALUES ($1) RETURNING "version"[0m  [["version", "20180726085602"]]
  ↳ C:/Ruby25-x64/bin/rake:23
  [1m[35m (1.0ms)[0m  [1m[35mCOMMIT[0m
  ↳ C:/Ruby25-x64/bin/rake:23
Migrating to CreateOrderCategories (20180726114549)
  [1m[35m (1.0ms)[0m  [1m[35mBEGIN[0m
  ↳ C:/Ruby25-x64/bin/rake:23
  [1m[35m (11.0ms)[0m  [1m[35mCREATE TABLE "order_categories" ("id" bigserial primary key, "order_id" bigint, "category_id" bigint, "created_at" timestamp NOT NULL, "updated_at" timestamp NOT NULL, CONSTRAINT "fk_rails_fda5db2961"
FOREIGN KEY ("order_id")
  REFERENCES "orders" ("id")
, CONSTRAINT "fk_rails_b326dde713"
FOREIGN KEY ("category_id")
  REFERENCES "categories" ("id")
)[0m
  ↳ db/migrate/20180726114549_create_order_categories.rb:3
  [1m[35m (3.0ms)[0m  [1m[35mCREATE  INDEX  "index_order_categories_on_order_id" ON "order_categories"  ("order_id")[0m
  ↳ db/migrate/20180726114549_create_order_categories.rb:3
  [1m[35m (3.0ms)[0m  [1m[35mCREATE  INDEX  "index_order_categories_on_category_id" ON "order_categories"  ("category_id")[0m
  ↳ db/migrate/20180726114549_create_order_categories.rb:3
  [1m[36mActiveRecord::SchemaMigration Create (0.0ms)[0m  [1m[32mINSERT INTO "schema_migrations" ("version") VALUES ($1) RETURNING "version"[0m  [["version", "20180726114549"]]
  ↳ C:/Ruby25-x64/bin/rake:23
  [1m[35m (1.0ms)[0m  [1m[35mCOMMIT[0m
  ↳ C:/Ruby25-x64/bin/rake:23
Migrating to CreateSignedToOrders (20180726120648)
  [1m[35m (0.0ms)[0m  [1m[35mBEGIN[0m
  ↳ C:/Ruby25-x64/bin/rake:23
  [1m[35m (9.0ms)[0m  [1m[35mCREATE TABLE "signed_to_orders" ("id" bigserial primary key, "order_id" bigint, "signed_id" integer, "price" integer, "accepted" boolean, "created_at" timestamp NOT NULL, "updated_at" timestamp NOT NULL, CONSTRAINT "fk_rails_87610e78e9"
FOREIGN KEY ("order_id")
  REFERENCES "orders" ("id")
)[0m
  ↳ db/migrate/20180726120648_create_signed_to_orders.rb:3
  [1m[35m (3.0ms)[0m  [1m[35mCREATE  INDEX  "index_signed_to_orders_on_order_id" ON "signed_to_orders"  ("order_id")[0m
  ↳ db/migrate/20180726120648_create_signed_to_orders.rb:3
  [1m[35m (4.0ms)[0m  [1m[35mCREATE UNIQUE INDEX  "index_signed_to_orders_on_signed_id" ON "signed_to_orders"  ("signed_id")[0m
  ↳ db/migrate/20180726120648_create_signed_to_orders.rb:3
  [1m[36mActiveRecord::SchemaMigration Create (1.0ms)[0m  [1m[32mINSERT INTO "schema_migrations" ("version") VALUES ($1) RETURNING "version"[0m  [["version", "20180726120648"]]
  ↳ C:/Ruby25-x64/bin/rake:23
  [1m[35m (2.0ms)[0m  [1m[35mCOMMIT[0m
  ↳ C:/Ruby25-x64/bin/rake:23
Migrating to CreateOrderConclusions (20180726121536)
  [1m[35m (0.0ms)[0m  [1m[35mBEGIN[0m
  ↳ C:/Ruby25-x64/bin/rake:23
  [1m[35m (15.0ms)[0m  [1m[35mCREATE TABLE "order_conclusions" ("id" bigserial primary key, "order_id" bigint, "positive" boolean, "negative" boolean, "comment" character varying, "rate_price" decimal, "rate_quality" decimal, "rate_civility" decimal, "created_at" timestamp NOT NULL, "updated_at" timestamp NOT NULL, CONSTRAINT "fk_rails_83f544c385"
FOREIGN KEY ("order_id")
  REFERENCES "orders" ("id")
)[0m
  ↳ db/migrate/20180726121536_create_order_conclusions.rb:3
  [1m[35m (4.0ms)[0m  [1m[35mCREATE  INDEX  "index_order_conclusions_on_order_id" ON "order_conclusions"  ("order_id")[0m
  ↳ db/migrate/20180726121536_create_order_conclusions.rb:3
  [1m[36mActiveRecord::SchemaMigration Create (0.0ms)[0m  [1m[32mINSERT INTO "schema_migrations" ("version") VALUES ($1) RETURNING "version"[0m  [["version", "20180726121536"]]
  ↳ C:/Ruby25-x64/bin/rake:23
  [1m[35m (0.0ms)[0m  [1m[35mCOMMIT[0m
  ↳ C:/Ruby25-x64/bin/rake:23
  [1m[36mActiveRecord::InternalMetadata Load (0.0ms)[0m  [1m[34mSELECT  "ar_internal_metadata".* FROM "ar_internal_metadata" WHERE "ar_internal_metadata"."key" = $1 LIMIT $2[0m  [["key", "environment"], ["LIMIT", 1]]
  ↳ C:/Ruby25-x64/bin/rake:23
  [1m[35m (0.0ms)[0m  [1m[35mBEGIN[0m
  ↳ C:/Ruby25-x64/bin/rake:23
  [1m[35m (0.0ms)[0m  [1m[35mCOMMIT[0m
  ↳ C:/Ruby25-x64/bin/rake:23
  [1m[35m (1.0ms)[0m  [1m[34mSELECT pg_advisory_unlock(4547408366071977630)[0m
  ↳ C:/Ruby25-x64/bin/rake:23
  [1m[35m (0.0ms)[0m  [1m[34mSELECT "schema_migrations"."version" FROM "schema_migrations" ORDER BY "schema_migrations"."version" ASC[0m
  ↳ C:/Ruby25-x64/bin/rake:23
Started GET "/" for 127.0.0.1 at 2018-07-26 15:43:16 +0300
  [1m[35m (0.0ms)[0m  [1m[34mSELECT "schema_migrations"."version" FROM "schema_migrations" ORDER BY "schema_migrations"."version" ASC[0m
  ↳ C:/Ruby25-x64/lib/ruby/gems/2.5.0/gems/activerecord-5.2.0/lib/active_record/log_subscriber.rb:98
Processing by PagesController#home as HTML
  Rendering pages/home.html.erb within layouts/application
  Rendered pages/home.html.erb within layouts/application (10.0ms)
[Webpacker] Compiling…
[Webpacker] Compilation failed:
C:/Ruby25-x64/lib/ruby/gems/2.5.0/gems/webpacker-3.5.5/lib/webpacker/webpack_runner.rb:11:in `exec': No such file or directory - D:/lwwwr/makeown/node_modules/.bin/webpack (Errno::ENOENT)
	from C:/Ruby25-x64/lib/ruby/gems/2.5.0/gems/webpacker-3.5.5/lib/webpacker/webpack_runner.rb:11:in `block in run'
	from C:/Ruby25-x64/lib/ruby/gems/2.5.0/gems/webpacker-3.5.5/lib/webpacker/webpack_runner.rb:10:in `chdir'
	from C:/Ruby25-x64/lib/ruby/gems/2.5.0/gems/webpacker-3.5.5/lib/webpacker/webpack_runner.rb:10:in `run'
	from C:/Ruby25-x64/lib/ruby/gems/2.5.0/gems/webpacker-3.5.5/lib/webpacker/runner.rb:6:in `run'
	from ./bin/webpack:15:in `<main>'


[Webpacker] Compiling…
[Webpacker] Compilation failed:
C:/Ruby25-x64/lib/ruby/gems/2.5.0/gems/webpacker-3.5.5/lib/webpacker/webpack_runner.rb:11:in `exec': No such file or directory - D:/lwwwr/makeown/node_modules/.bin/webpack (Errno::ENOENT)
	from C:/Ruby25-x64/lib/ruby/gems/2.5.0/gems/webpacker-3.5.5/lib/webpacker/webpack_runner.rb:11:in `block in run'
	from C:/Ruby25-x64/lib/ruby/gems/2.5.0/gems/webpacker-3.5.5/lib/webpacker/webpack_runner.rb:10:in `chdir'
	from C:/Ruby25-x64/lib/ruby/gems/2.5.0/gems/webpacker-3.5.5/lib/webpacker/webpack_runner.rb:10:in `run'
	from C:/Ruby25-x64/lib/ruby/gems/2.5.0/gems/webpacker-3.5.5/lib/webpacker/runner.rb:6:in `run'
	from ./bin/webpack:15:in `<main>'


Completed 200 OK in 3141ms (Views: 3130.7ms | ActiveRecord: 0.0ms)


Started GET "/" for 127.0.0.1 at 2018-07-27 10:22:32 +0300
  [1m[35m (36.0ms)[0m  [1m[34mSELECT "schema_migrations"."version" FROM "schema_migrations" ORDER BY "schema_migrations"."version" ASC[0m
  ↳ C:/Ruby25-x64/lib/ruby/gems/2.5.0/gems/activerecord-5.2.0/lib/active_record/log_subscriber.rb:98
Processing by PagesController#home as HTML
  Rendering pages/home.html.erb within layouts/application
  Rendered pages/home.html.erb within layouts/application (3.0ms)
[Webpacker] Compiling…
[Webpacker] Compilation failed:

Hash: 83b8da6c1152ea9efbb3
Version: webpack 3.12.0
Time: 45620ms
                                               Asset       Size  Chunks             Chunk Names
                 application-1770f779568ad42ccd97.js     128 kB       0  [emitted]  application
    application-21deaf091f4b980b9f243b12e36c4b46.css     156 kB       0  [emitted]  application
             application-1770f779568ad42ccd97.js.map     152 kB       0  [emitted]  application
application-21deaf091f4b980b9f243b12e36c4b46.css.map     365 kB       0  [emitted]  application
                                       manifest.json  310 bytes          [emitted]  
   [0] ./frontend/packs/application.js 562 bytes {0} [built]
   [1] ./frontend/packs/application.css 41 bytes {0} [built]
   [3] ./node_modules/css-loader??ref--1-2!./node_modules/postcss-loader/lib??ref--1-3!./frontend/packs/application.css 590 kB [built]
    + 4 hidden modules

ERROR in ./node_modules/bootstrap/dist/js/bootstrap.js
Module not found: Error: Can't resolve 'jquery' in 'D:\lwwwr\makeown\node_modules\bootstrap\dist\js'
 @ ./node_modules/bootstrap/dist/js/bootstrap.js 7:82-99
 @ ./frontend/packs/application.js

ERROR in ./node_modules/bootstrap/dist/js/bootstrap.js
Module not found: Error: Can't resolve 'popper.js' in 'D:\lwwwr\makeown\node_modules\bootstrap\dist\js'
 @ ./node_modules/bootstrap/dist/js/bootstrap.js 7:101-121
 @ ./frontend/packs/application.js
Child extract-text-webpack-plugin node_modules/extract-text-webpack-plugin/dist node_modules/css-loader/index.js??ref--1-2!node_modules/postcss-loader/lib/index.js??ref--1-3!frontend/packs/application.css:
       [0] ./node_modules/css-loader??ref--1-2!./node_modules/postcss-loader/lib??ref--1-3!./frontend/packs/application.css 590 kB {0} [built]
        + 1 hidden module

[Webpacker] Compiling…
[Webpacker] Compilation failed:

Hash: 83b8da6c1152ea9efbb3
Version: webpack 3.12.0
Time: 6853ms
                                               Asset       Size  Chunks             Chunk Names
                 application-1770f779568ad42ccd97.js     128 kB       0  [emitted]  application
    application-21deaf091f4b980b9f243b12e36c4b46.css     156 kB       0  [emitted]  application
             application-1770f779568ad42ccd97.js.map     152 kB       0  [emitted]  application
application-21deaf091f4b980b9f243b12e36c4b46.css.map     365 kB       0  [emitted]  application
                                       manifest.json  310 bytes          [emitted]  
   [0] ./frontend/packs/application.js 562 bytes {0} [built]
   [1] ./frontend/packs/application.css 41 bytes {0} [built]
   [3] ./node_modules/css-loader??ref--1-2!./node_modules/postcss-loader/lib??ref--1-3!./frontend/packs/application.css 590 kB [built]
    + 4 hidden modules

ERROR in ./node_modules/bootstrap/dist/js/bootstrap.js
Module not found: Error: Can't resolve 'jquery' in 'D:\lwwwr\makeown\node_modules\bootstrap\dist\js'
 @ ./node_modules/bootstrap/dist/js/bootstrap.js 7:82-99
 @ ./frontend/packs/application.js

ERROR in ./node_modules/bootstrap/dist/js/bootstrap.js
Module not found: Error: Can't resolve 'popper.js' in 'D:\lwwwr\makeown\node_modules\bootstrap\dist\js'
 @ ./node_modules/bootstrap/dist/js/bootstrap.js 7:101-121
 @ ./frontend/packs/application.js
Child extract-text-webpack-plugin node_modules/extract-text-webpack-plugin/dist node_modules/css-loader/index.js??ref--1-2!node_modules/postcss-loader/lib/index.js??ref--1-3!frontend/packs/application.css:
       [0] ./node_modules/css-loader??ref--1-2!./node_modules/postcss-loader/lib??ref--1-3!./frontend/packs/application.css 590 kB {0} [built]
        + 1 hidden module

Completed 200 OK in 67272ms (Views: 67261.1ms | ActiveRecord: 0.0ms)


Started GET "/" for 127.0.0.1 at 2018-07-27 10:27:19 +0300
Processing by PagesController#home as HTML
  Rendering pages/home.html.erb within layouts/application
  Rendered pages/home.html.erb within layouts/application (0.0ms)
[Webpacker] Compiling…
Started GET "/" for 127.0.0.1 at 2018-07-27 10:27:23 +0300
Processing by PagesController#home as HTML
  Rendering pages/home.html.erb within layouts/application
  Rendered pages/home.html.erb within layouts/application (0.0ms)
Completed 200 OK in 140ms (Views: 128.5ms | ActiveRecord: 0.0ms)


[Webpacker] Compilation failed:

Hash: 85facfb41fc74873dae0
Version: webpack 3.12.0
Time: 7704ms
                                               Asset       Size  Chunks                    Chunk Names
                 application-96bdb0391fcf44ee2219.js     401 kB       0  [emitted]  [big]  application
    application-21deaf091f4b980b9f243b12e36c4b46.css     156 kB       0  [emitted]         application
             application-96bdb0391fcf44ee2219.js.map     511 kB       0  [emitted]         application
application-21deaf091f4b980b9f243b12e36c4b46.css.map     365 kB       0  [emitted]         application
                                       manifest.json  310 bytes          [emitted]         
   [1] ./frontend/packs/application.js 619 bytes {0} [built]
   [3] ./frontend/packs/application.css 41 bytes {0} [built]
   [4] ./node_modules/css-loader??ref--1-2!./node_modules/postcss-loader/lib??ref--1-3!./frontend/packs/application.css 590 kB [built]
    + 5 hidden modules

ERROR in ./frontend/packs/application.js
Module not found: Error: Can't resolve 'jquery-ui' in 'D:\lwwwr\makeown\frontend\packs'
 @ ./frontend/packs/application.js 11:0-19

ERROR in ./frontend/packs/application.js
Module not found: Error: Can't resolve 'jquery-ujs' in 'D:\lwwwr\makeown\frontend\packs'
 @ ./frontend/packs/application.js 12:0-20

ERROR in ./node_modules/bootstrap/dist/js/bootstrap.js
Module not found: Error: Can't resolve 'popper.js' in 'D:\lwwwr\makeown\node_modules\bootstrap\dist\js'
 @ ./node_modules/bootstrap/dist/js/bootstrap.js 7:101-121
 @ ./frontend/packs/application.js
Child extract-text-webpack-plugin node_modules/extract-text-webpack-plugin/dist node_modules/css-loader/index.js??ref--1-2!node_modules/postcss-loader/lib/index.js??ref--1-3!frontend/packs/application.css:
       [0] ./node_modules/css-loader??ref--1-2!./node_modules/postcss-loader/lib??ref--1-3!./frontend/packs/application.css 590 kB {0} [built]
        + 1 hidden module

[Webpacker] Compiling…
[Webpacker] Compilation failed:

Hash: 85facfb41fc74873dae0
Version: webpack 3.12.0
Time: 7162ms
                                               Asset       Size  Chunks                    Chunk Names
                 application-96bdb0391fcf44ee2219.js     401 kB       0  [emitted]  [big]  application
    application-21deaf091f4b980b9f243b12e36c4b46.css     156 kB       0  [emitted]         application
             application-96bdb0391fcf44ee2219.js.map     511 kB       0  [emitted]         application
application-21deaf091f4b980b9f243b12e36c4b46.css.map     365 kB       0  [emitted]         application
                                       manifest.json  310 bytes          [emitted]         
   [1] ./frontend/packs/application.js 619 bytes {0} [built]
   [3] ./frontend/packs/application.css 41 bytes {0} [built]
   [4] ./node_modules/css-loader??ref--1-2!./node_modules/postcss-loader/lib??ref--1-3!./frontend/packs/application.css 590 kB [built]
    + 5 hidden modules

ERROR in ./frontend/packs/application.js
Module not found: Error: Can't resolve 'jquery-ui' in 'D:\lwwwr\makeown\frontend\packs'
 @ ./frontend/packs/application.js 11:0-19

ERROR in ./frontend/packs/application.js
Module not found: Error: Can't resolve 'jquery-ujs' in 'D:\lwwwr\makeown\frontend\packs'
 @ ./frontend/packs/application.js 12:0-20

ERROR in ./node_modules/bootstrap/dist/js/bootstrap.js
Module not found: Error: Can't resolve 'popper.js' in 'D:\lwwwr\makeown\node_modules\bootstrap\dist\js'
 @ ./node_modules/bootstrap/dist/js/bootstrap.js 7:101-121
 @ ./frontend/packs/application.js
Child extract-text-webpack-plugin node_modules/extract-text-webpack-plugin/dist node_modules/css-loader/index.js??ref--1-2!node_modules/postcss-loader/lib/index.js??ref--1-3!frontend/packs/application.css:
       [0] ./node_modules/css-loader??ref--1-2!./node_modules/postcss-loader/lib??ref--1-3!./frontend/packs/application.css 590 kB {0} [built]
        + 1 hidden module

Completed 200 OK in 21810ms (Views: 21801.5ms | ActiveRecord: 0.0ms)


Started GET "/" for 127.0.0.1 at 2018-07-27 10:28:43 +0300
  
NoMethodError (undefined method `resourse' for #<ActionDispatch::Routing::Mapper:0x00000000075e1080>
Did you mean?  resources
               resource):
  
config/routes.rb:3:in `block in <top (required)>'
config/routes.rb:1:in `<top (required)>'
Started GET "/" for 127.0.0.1 at 2018-07-27 10:28:53 +0300
Processing by PagesController#home as HTML
  Rendering pages/home.html.erb within layouts/application
  Rendered pages/home.html.erb within layouts/application (1.0ms)
[Webpacker] Compiling…
[Webpacker] Compilation failed:

Hash: 0263a80b9b0d6af91d05
Version: webpack 3.12.0
Time: 7548ms
                                               Asset       Size  Chunks                    Chunk Names
                 application-58e7e31ea77ffb95d9f8.js     445 kB       0  [emitted]  [big]  application
    application-21deaf091f4b980b9f243b12e36c4b46.css     156 kB       0  [emitted]         application
             application-58e7e31ea77ffb95d9f8.js.map     563 kB       0  [emitted]         application
application-21deaf091f4b980b9f243b12e36c4b46.css.map     365 kB       0  [emitted]         application
                                       manifest.json  310 bytes          [emitted]         
   [1] ./frontend/packs/application.js 619 bytes {0} [built]
   [6] ./frontend/packs/application.css 41 bytes {0} [built]
   [7] ./node_modules/css-loader??ref--1-2!./node_modules/postcss-loader/lib??ref--1-3!./frontend/packs/application.css 590 kB [built]
    + 8 hidden modules

ERROR in ./node_modules/bootstrap/dist/js/bootstrap.js
Module not found: Error: Can't resolve 'popper.js' in 'D:\lwwwr\makeown\node_modules\bootstrap\dist\js'
 @ ./node_modules/bootstrap/dist/js/bootstrap.js 7:101-121
 @ ./frontend/packs/application.js
Child extract-text-webpack-plugin node_modules/extract-text-webpack-plugin/dist node_modules/css-loader/index.js??ref--1-2!node_modules/postcss-loader/lib/index.js??ref--1-3!frontend/packs/application.css:
       [0] ./node_modules/css-loader??ref--1-2!./node_modules/postcss-loader/lib??ref--1-3!./frontend/packs/application.css 590 kB {0} [built]
        + 1 hidden module

[Webpacker] Compiling…
[Webpacker] Compilation failed:

Hash: 0263a80b9b0d6af91d05
Version: webpack 3.12.0
Time: 8638ms
                                               Asset       Size  Chunks                    Chunk Names
                 application-58e7e31ea77ffb95d9f8.js     445 kB       0  [emitted]  [big]  application
    application-21deaf091f4b980b9f243b12e36c4b46.css     156 kB       0  [emitted]         application
             application-58e7e31ea77ffb95d9f8.js.map     563 kB       0  [emitted]         application
application-21deaf091f4b980b9f243b12e36c4b46.css.map     365 kB       0  [emitted]         application
                                       manifest.json  310 bytes          [emitted]         
   [1] ./frontend/packs/application.js 619 bytes {0} [built]
   [6] ./frontend/packs/application.css 41 bytes {0} [built]
   [7] ./node_modules/css-loader??ref--1-2!./node_modules/postcss-loader/lib??ref--1-3!./frontend/packs/application.css 590 kB [built]
    + 8 hidden modules

ERROR in ./node_modules/bootstrap/dist/js/bootstrap.js
Module not found: Error: Can't resolve 'popper.js' in 'D:\lwwwr\makeown\node_modules\bootstrap\dist\js'
 @ ./node_modules/bootstrap/dist/js/bootstrap.js 7:101-121
 @ ./frontend/packs/application.js
Child extract-text-webpack-plugin node_modules/extract-text-webpack-plugin/dist node_modules/css-loader/index.js??ref--1-2!node_modules/postcss-loader/lib/index.js??ref--1-3!frontend/packs/application.css:
       [0] ./node_modules/css-loader??ref--1-2!./node_modules/postcss-loader/lib??ref--1-3!./frontend/packs/application.css 590 kB {0} [built]
        + 1 hidden module

Completed 200 OK in 22908ms (Views: 22896.5ms | ActiveRecord: 0.0ms)


Started GET "/" for 127.0.0.1 at 2018-07-27 10:30:36 +0300
Processing by PagesController#home as HTML
  Rendering pages/home.html.erb within layouts/application
  Rendered pages/home.html.erb within layouts/application (1.0ms)
[Webpacker] Compiling…
[Webpacker] Compilation failed:

Hash: 0263a80b9b0d6af91d05
Version: webpack 3.12.0
Time: 7729ms
                                               Asset       Size  Chunks                    Chunk Names
                 application-58e7e31ea77ffb95d9f8.js     445 kB       0  [emitted]  [big]  application
    application-21deaf091f4b980b9f243b12e36c4b46.css     156 kB       0  [emitted]         application
             application-58e7e31ea77ffb95d9f8.js.map     563 kB       0  [emitted]         application
application-21deaf091f4b980b9f243b12e36c4b46.css.map     365 kB       0  [emitted]         application
                                       manifest.json  310 bytes          [emitted]         
   [1] ./frontend/packs/application.js 619 bytes {0} [built]
   [6] ./frontend/packs/application.css 41 bytes {0} [built]
   [7] ./node_modules/css-loader??ref--1-2!./node_modules/postcss-loader/lib??ref--1-3!./frontend/packs/application.css 590 kB [built]
    + 8 hidden modules

ERROR in ./node_modules/bootstrap/dist/js/bootstrap.js
Module not found: Error: Can't resolve 'popper.js' in 'D:\lwwwr\makeown\node_modules\bootstrap\dist\js'
 @ ./node_modules/bootstrap/dist/js/bootstrap.js 7:101-121
 @ ./frontend/packs/application.js
Child extract-text-webpack-plugin node_modules/extract-text-webpack-plugin/dist node_modules/css-loader/index.js??ref--1-2!node_modules/postcss-loader/lib/index.js??ref--1-3!frontend/packs/application.css:
       [0] ./node_modules/css-loader??ref--1-2!./node_modules/postcss-loader/lib??ref--1-3!./frontend/packs/application.css 590 kB {0} [built]
        + 1 hidden module

[Webpacker] Compiling…
[Webpacker] Compilation failed:

Hash: 0263a80b9b0d6af91d05
Version: webpack 3.12.0
Time: 7699ms
                                               Asset       Size  Chunks                    Chunk Names
                 application-58e7e31ea77ffb95d9f8.js     445 kB       0  [emitted]  [big]  application
    application-21deaf091f4b980b9f243b12e36c4b46.css     156 kB       0  [emitted]         application
             application-58e7e31ea77ffb95d9f8.js.map     563 kB       0  [emitted]         application
application-21deaf091f4b980b9f243b12e36c4b46.css.map     365 kB       0  [emitted]         application
                                       manifest.json  310 bytes          [emitted]         
   [1] ./frontend/packs/application.js 619 bytes {0} [built]
   [6] ./frontend/packs/application.css 41 bytes {0} [built]
   [7] ./node_modules/css-loader??ref--1-2!./node_modules/postcss-loader/lib??ref--1-3!./frontend/packs/application.css 590 kB [built]
    + 8 hidden modules

ERROR in ./node_modules/bootstrap/dist/js/bootstrap.js
Module not found: Error: Can't resolve 'popper.js' in 'D:\lwwwr\makeown\node_modules\bootstrap\dist\js'
 @ ./node_modules/bootstrap/dist/js/bootstrap.js 7:101-121
 @ ./frontend/packs/application.js
Child extract-text-webpack-plugin node_modules/extract-text-webpack-plugin/dist node_modules/css-loader/index.js??ref--1-2!node_modules/postcss-loader/lib/index.js??ref--1-3!frontend/packs/application.css:
       [0] ./node_modules/css-loader??ref--1-2!./node_modules/postcss-loader/lib??ref--1-3!./frontend/packs/application.css 590 kB {0} [built]
        + 1 hidden module

Completed 200 OK in 22303ms (Views: 22288.6ms | ActiveRecord: 0.0ms)


Started GET "/" for 127.0.0.1 at 2018-07-27 10:33:47 +0300
Processing by PagesController#home as HTML
  Rendering pages/home.html.erb within layouts/application
  Rendered pages/home.html.erb within layouts/application (0.0ms)
[Webpacker] Compiling…
[Webpacker] Compiled all packs in D:/lwwwr/makeown/public/packs
Completed 200 OK in 10153ms (Views: 10142.6ms | ActiveRecord: 0.0ms)


Started GET "/" for 127.0.0.1 at 2018-07-27 11:16:06 +0300
Processing by PagesController#home as HTML
  Rendering pages/home.html.erb within layouts/application
  Rendered pages/home.html.erb within layouts/application (1.0ms)
Completed 200 OK in 143ms (Views: 133.3ms | ActiveRecord: 0.0ms)


Started GET "/" for 127.0.0.1 at 2018-07-27 11:24:34 +0300
Processing by PagesController#home as HTML
  Rendering pages/home.html.erb within layouts/application
  Rendered pages/home.html.erb within layouts/application (1.0ms)
  Rendered shared/_flashes.html.erb (0.0ms)
Completed 200 OK in 157ms (Views: 146.6ms | ActiveRecord: 0.0ms)


Started GET "/" for 127.0.0.1 at 2018-07-27 11:25:01 +0300
Processing by PagesController#home as HTML
  Rendering pages/home.html.erb within layouts/application
  Rendered pages/home.html.erb within layouts/application (1.0ms)
  Rendered shared/_flashes.html.erb (1.0ms)
Completed 200 OK in 160ms (Views: 149.6ms | ActiveRecord: 0.0ms)


Started GET "/" for 127.0.0.1 at 2018-07-27 11:25:18 +0300
Processing by PagesController#home as HTML
  Rendering pages/home.html.erb within layouts/application
  Rendered pages/home.html.erb within layouts/application (1.0ms)
  Rendered shared/_flashes.html.erb (0.0ms)
Completed 200 OK in 156ms (Views: 146.5ms | ActiveRecord: 0.0ms)


Started GET "/orders" for 127.0.0.1 at 2018-07-27 11:25:21 +0300
  
ActionController::RoutingError (uninitialized constant OrdersController):
  
bootsnap (1.3.1) lib/bootsnap/load_path_cache/core_ext/active_support.rb:53:in `block in load_missing_constant'
bootsnap (1.3.1) lib/bootsnap/load_path_cache/core_ext/active_support.rb:8:in `without_bootsnap_cache'
bootsnap (1.3.1) lib/bootsnap/load_path_cache/core_ext/active_support.rb:53:in `rescue in load_missing_constant'
bootsnap (1.3.1) lib/bootsnap/load_path_cache/core_ext/active_support.rb:42:in `load_missing_constant'
activesupport (5.2.0) lib/active_support/inflector/methods.rb:283:in `const_get'
activesupport (5.2.0) lib/active_support/inflector/methods.rb:283:in `block in constantize'
activesupport (5.2.0) lib/active_support/inflector/methods.rb:281:in `each'
activesupport (5.2.0) lib/active_support/inflector/methods.rb:281:in `inject'
activesupport (5.2.0) lib/active_support/inflector/methods.rb:281:in `constantize'
actionpack (5.2.0) lib/action_dispatch/http/request.rb:88:in `controller_class_for'
actionpack (5.2.0) lib/action_dispatch/http/request.rb:81:in `controller_class'
actionpack (5.2.0) lib/action_dispatch/routing/route_set.rb:46:in `controller'
actionpack (5.2.0) lib/action_dispatch/routing/route_set.rb:32:in `serve'
actionpack (5.2.0) lib/action_dispatch/journey/router.rb:52:in `block in serve'
actionpack (5.2.0) lib/action_dispatch/journey/router.rb:35:in `each'
actionpack (5.2.0) lib/action_dispatch/journey/router.rb:35:in `serve'
actionpack (5.2.0) lib/action_dispatch/routing/route_set.rb:840:in `call'
warden (1.2.7) lib/warden/manager.rb:36:in `block in call'
warden (1.2.7) lib/warden/manager.rb:35:in `catch'
warden (1.2.7) lib/warden/manager.rb:35:in `call'
rack (2.0.5) lib/rack/tempfile_reaper.rb:15:in `call'
rack (2.0.5) lib/rack/etag.rb:25:in `call'
rack (2.0.5) lib/rack/conditional_get.rb:25:in `call'
rack (2.0.5) lib/rack/head.rb:12:in `call'
actionpack (5.2.0) lib/action_dispatch/http/content_security_policy.rb:18:in `call'
rack (2.0.5) lib/rack/session/abstract/id.rb:232:in `context'
rack (2.0.5) lib/rack/session/abstract/id.rb:226:in `call'
actionpack (5.2.0) lib/action_dispatch/middleware/cookies.rb:670:in `call'
activerecord (5.2.0) lib/active_record/migration.rb:559:in `call'
actionpack (5.2.0) lib/action_dispatch/middleware/callbacks.rb:28:in `block in call'
activesupport (5.2.0) lib/active_support/callbacks.rb:98:in `run_callbacks'
actionpack (5.2.0) lib/action_dispatch/middleware/callbacks.rb:26:in `call'
actionpack (5.2.0) lib/action_dispatch/middleware/executor.rb:14:in `call'
actionpack (5.2.0) lib/action_dispatch/middleware/debug_exceptions.rb:61:in `call'
web-console (3.6.2) lib/web_console/middleware.rb:135:in `call_app'
web-console (3.6.2) lib/web_console/middleware.rb:30:in `block in call'
web-console (3.6.2) lib/web_console/middleware.rb:20:in `catch'
web-console (3.6.2) lib/web_console/middleware.rb:20:in `call'
actionpack (5.2.0) lib/action_dispatch/middleware/show_exceptions.rb:33:in `call'
railties (5.2.0) lib/rails/rack/logger.rb:38:in `call_app'
railties (5.2.0) lib/rails/rack/logger.rb:26:in `block in call'
activesupport (5.2.0) lib/active_support/tagged_logging.rb:71:in `block in tagged'
activesupport (5.2.0) lib/active_support/tagged_logging.rb:28:in `tagged'
activesupport (5.2.0) lib/active_support/tagged_logging.rb:71:in `tagged'
railties (5.2.0) lib/rails/rack/logger.rb:26:in `call'
actionpack (5.2.0) lib/action_dispatch/middleware/remote_ip.rb:81:in `call'
actionpack (5.2.0) lib/action_dispatch/middleware/request_id.rb:27:in `call'
rack (2.0.5) lib/rack/method_override.rb:22:in `call'
rack (2.0.5) lib/rack/runtime.rb:22:in `call'
activesupport (5.2.0) lib/active_support/cache/strategy/local_cache_middleware.rb:29:in `call'
actionpack (5.2.0) lib/action_dispatch/middleware/executor.rb:14:in `call'
actionpack (5.2.0) lib/action_dispatch/middleware/static.rb:127:in `call'
rack (2.0.5) lib/rack/sendfile.rb:111:in `call'
webpacker (3.5.5) lib/webpacker/dev_server_proxy.rb:22:in `perform_request'
rack-proxy (0.6.4) lib/rack/proxy.rb:57:in `call'
railties (5.2.0) lib/rails/engine.rb:524:in `call'
puma (3.12.0) lib/puma/configuration.rb:225:in `call'
puma (3.12.0) lib/puma/server.rb:658:in `handle_request'
puma (3.12.0) lib/puma/server.rb:472:in `process_client'
puma (3.12.0) lib/puma/server.rb:332:in `block in run'
puma (3.12.0) lib/puma/thread_pool.rb:133:in `block in spawn_thread'
Started GET "/orders" for 127.0.0.1 at 2018-07-27 11:27:58 +0300
  [1m[35m (1.0ms)[0m  [1m[34mSELECT "schema_migrations"."version" FROM "schema_migrations" ORDER BY "schema_migrations"."version" ASC[0m
  ↳ C:/Ruby25-x64/lib/ruby/gems/2.5.0/gems/activerecord-5.2.0/lib/active_record/log_subscriber.rb:98
Processing by OrdersController#index as HTML
  Rendering orders/index.html.erb within layouts/application
  [1m[36mOrder Load (1.0ms)[0m  [1m[34mSELECT "orders".* FROM "orders"[0m
  ↳ app/views/orders/index.html.erb:13
  Rendered orders/index.html.erb within layouts/application (37.0ms)
  Rendered shared/_flashes.html.erb (1.0ms)
Completed 200 OK in 228ms (Views: 181.9ms | ActiveRecord: 3.0ms)


Started GET "/orders/new" for 127.0.0.1 at 2018-07-27 11:28:06 +0300
Processing by OrdersController#new as HTML
Completed 401 Unauthorized in 15ms (ActiveRecord: 0.0ms)


Started GET "/users/sign_in" for 127.0.0.1 at 2018-07-27 11:28:08 +0300
Processing by Devise::SessionsController#new as HTML
  Rendering C:/Ruby25-x64/lib/ruby/gems/2.5.0/gems/devise-4.4.3/app/views/devise/sessions/new.html.erb within layouts/application
  Rendered C:/Ruby25-x64/lib/ruby/gems/2.5.0/gems/devise-4.4.3/app/views/devise/shared/_links.html.erb (2.0ms)
  Rendered C:/Ruby25-x64/lib/ruby/gems/2.5.0/gems/devise-4.4.3/app/views/devise/sessions/new.html.erb within layouts/application (140.0ms)
  Rendered shared/_flashes.html.erb (0.0ms)
Completed 200 OK in 386ms (Views: 352.8ms | ActiveRecord: 5.0ms)


Started GET "/orders" for 127.0.0.1 at 2018-08-01 14:51:13 +0300
  [1m[35m (79.0ms)[0m  [1m[34mSELECT "schema_migrations"."version" FROM "schema_migrations" ORDER BY "schema_migrations"."version" ASC[0m
  ↳ C:/Ruby25-x64/lib/ruby/gems/2.5.0/gems/activerecord-5.2.0/lib/active_record/log_subscriber.rb:98
Started GET "/orders/new" for 127.0.0.1 at 2018-08-01 14:51:15 +0300
Processing by OrdersController#index as HTML
Processing by OrdersController#new as HTML
  Rendering orders/index.html.erb within layouts/application
Completed 401 Unauthorized in 426ms (ActiveRecord: 0.0ms)


  [1m[36mOrder Load (228.0ms)[0m  [1m[34mSELECT "orders".* FROM "orders"[0m
  ↳ app/views/orders/index.html.erb:13
  Rendered orders/index.html.erb within layouts/application (262.0ms)
  Rendered shared/_flashes.html.erb (3.0ms)
Completed 200 OK in 968ms (Views: 643.4ms | ActiveRecord: 231.0ms)


Started GET "/users/sign_in" for 127.0.0.1 at 2018-08-01 14:51:20 +0300
Processing by Devise::SessionsController#new as HTML
  Rendering devise/sessions/new.html.erb within layouts/application
  Rendered devise/shared/_links.html.erb (1.0ms)
  Rendered devise/sessions/new.html.erb within layouts/application (175.0ms)
  Rendered shared/_flashes.html.erb (0.0ms)
Completed 200 OK in 515ms (Views: 426.4ms | ActiveRecord: 39.0ms)


  [1m[35m (1.0ms)[0m  [1m[35mBEGIN[0m
  [1m[36mUser Exists (1.0ms)[0m  [1m[34mSELECT  1 AS one FROM "users" WHERE "users"."email" = $1 LIMIT $2[0m  [["email", "errorlwwwr@gmail.com"], ["LIMIT", 1]]
  [1m[36mUser Create (11.0ms)[0m  [1m[32mINSERT INTO "users" ("email", "encrypted_password", "confirmation_token", "confirmation_sent_at", "created_at", "updated_at") VALUES ($1, $2, $3, $4, $5, $6) RETURNING "id"[0m  [["email", "errorlwwwr@gmail.com"], ["encrypted_password", "$2a$11$.OzSNflUqGcWScu5iSaGoujZSUBR7kqTIQEAa6tuvMS/pA2yyAQDK"], ["confirmation_token", "TGtMbhmQydQf8YR77_nF"], ["confirmation_sent_at", "2018-08-01 11:52:40.035124"], ["created_at", "2018-08-01 11:52:40.035124"], ["updated_at", "2018-08-01 11:52:40.035124"]]
  [1m[35m (1.0ms)[0m  [1m[35mCOMMIT[0m
  Rendering devise/mailer/confirmation_instructions.html.erb
  Rendered devise/mailer/confirmation_instructions.html.erb (6.0ms)
Devise::Mailer#confirmation_instructions: processed outbound mail in 1816.1ms
Sent mail to errorlwwwr@gmail.com (2155.1ms)
Date: Wed, 01 Aug 2018 14:52:43 +0300
From: please-change-me-at-config-initializers-devise@example.com
Reply-To: please-change-me-at-config-initializers-devise@example.com
To: errorlwwwr@gmail.com
Message-ID: <5b619f0b9d68_17cc1c10ec825ea@lwwwrjke.mail>
Subject: Confirmation instructions
Mime-Version: 1.0
Content-Type: text/html;
 charset=UTF-8
Content-Transfer-Encoding: 7bit

<p>Welcome errorlwwwr@gmail.com!</p>

<p>You can confirm your account email through the link below:</p>

<p><a href="http://localhost:3000/users/confirmation?confirmation_token=TGtMbhmQydQf8YR77_nF">Confirm my account</a></p>

  [1m[35m (0.0ms)[0m  [1m[35mBEGIN[0m
  [1m[35m (0.0ms)[0m  [1m[35mCOMMIT[0m
  [1m[35m (0.0ms)[0m  [1m[35mBEGIN[0m
  [1m[36mUser Update (59.0ms)[0m  [1m[33mUPDATE "users" SET "confirmed_at" = $1, "updated_at" = $2 WHERE "users"."id" = $3[0m  [["confirmed_at", "2018-08-01 11:53:15.775168"], ["updated_at", "2018-08-01 11:53:15.776168"], ["id", 1]]
  [1m[35m (34.0ms)[0m  [1m[35mCOMMIT[0m
Started GET "/users/password/new" for 127.0.0.1 at 2018-08-01 14:53:43 +0300
Processing by Devise::PasswordsController#new as HTML
  Rendering devise/passwords/new.html.erb within layouts/application
  Rendered devise/shared/_links.html.erb (1.0ms)
  Rendered devise/passwords/new.html.erb within layouts/application (15.0ms)
  Rendered shared/_flashes.html.erb (1.0ms)
Completed 200 OK in 200ms (Views: 184.6ms | ActiveRecord: 0.0ms)


Started POST "/users/sign_in" for 127.0.0.1 at 2018-08-01 14:53:44 +0300
Processing by Devise::SessionsController#create as HTML
  Parameters: {"utf8"=>"✓", "authenticity_token"=>"Ent43e5IMaFrwsHm7sVnEt883W/4mHj3bzWkNK48FEgo8R7H42GyimUUpapc2HCI+MxXPMeJfwvc5x4aukVFxg==", "user"=>{"email"=>"errorlwwwr@gmail.com", "password"=>"[FILTERED]", "remember_me"=>"0"}, "commit"=>"Log in"}
  [1m[36mUser Load (1.0ms)[0m  [1m[34mSELECT  "users".* FROM "users" WHERE "users"."email" = $1 ORDER BY "users"."id" ASC LIMIT $2[0m  [["email", "errorlwwwr@gmail.com"], ["LIMIT", 1]]
  ↳ C:/Ruby25-x64/lib/ruby/gems/2.5.0/gems/activerecord-5.2.0/lib/active_record/log_subscriber.rb:98
Completed 500 Internal Server Error in 222ms (ActiveRecord: 1.0ms)


  
NoMethodError (undefined method `current_sign_in_ip' for #<User:0x000000000b6c8058>
Did you mean?  current_sign_in_at
               current_sign_in_at?
               current_sign_in_at=):
  
activemodel (5.2.0) lib/active_model/attribute_methods.rb:430:in `method_missing'
devise (4.4.3) lib/devise/models/trackable.rb:25:in `update_tracked_fields'
devise (4.4.3) lib/devise/models/trackable.rb:39:in `update_tracked_fields!'
devise (4.4.3) lib/devise/hooks/trackable.rb:9:in `block in <top (required)>'
warden (1.2.7) lib/warden/hooks.rb:15:in `block in _run_callbacks'
warden (1.2.7) lib/warden/hooks.rb:10:in `each'
warden (1.2.7) lib/warden/hooks.rb:10:in `_run_callbacks'
warden (1.2.7) lib/warden/manager.rb:52:in `_run_callbacks'
warden (1.2.7) lib/warden/proxy.rb:180:in `set_user'
warden (1.2.7) lib/warden/proxy.rb:328:in `_perform_authentication'
warden (1.2.7) lib/warden/proxy.rb:128:in `authenticate!'
devise (4.4.3) app/controllers/devise/sessions_controller.rb:19:in `create'
actionpack (5.2.0) lib/action_controller/metal/basic_implicit_render.rb:6:in `send_action'
actionpack (5.2.0) lib/abstract_controller/base.rb:194:in `process_action'
actionpack (5.2.0) lib/action_controller/metal/rendering.rb:30:in `process_action'
actionpack (5.2.0) lib/abstract_controller/callbacks.rb:42:in `block in process_action'
activesupport (5.2.0) lib/active_support/callbacks.rb:132:in `run_callbacks'
actionpack (5.2.0) lib/abstract_controller/callbacks.rb:41:in `process_action'
actionpack (5.2.0) lib/action_controller/metal/rescue.rb:22:in `process_action'
actionpack (5.2.0) lib/action_controller/metal/instrumentation.rb:34:in `block in process_action'
activesupport (5.2.0) lib/active_support/notifications.rb:168:in `block in instrument'
activesupport (5.2.0) lib/active_support/notifications/instrumenter.rb:23:in `instrument'
activesupport (5.2.0) lib/active_support/notifications.rb:168:in `instrument'
actionpack (5.2.0) lib/action_controller/metal/instrumentation.rb:32:in `process_action'
actionpack (5.2.0) lib/action_controller/metal/params_wrapper.rb:256:in `process_action'
activerecord (5.2.0) lib/active_record/railties/controller_runtime.rb:24:in `process_action'
actionpack (5.2.0) lib/abstract_controller/base.rb:134:in `process'
actionview (5.2.0) lib/action_view/rendering.rb:32:in `process'
actionpack (5.2.0) lib/action_controller/metal.rb:191:in `dispatch'
actionpack (5.2.0) lib/action_controller/metal.rb:252:in `dispatch'
actionpack (5.2.0) lib/action_dispatch/routing/route_set.rb:52:in `dispatch'
actionpack (5.2.0) lib/action_dispatch/routing/route_set.rb:34:in `serve'
actionpack (5.2.0) lib/action_dispatch/routing/mapper.rb:18:in `block in <class:Constraints>'
actionpack (5.2.0) lib/action_dispatch/routing/mapper.rb:48:in `serve'
actionpack (5.2.0) lib/action_dispatch/journey/router.rb:52:in `block in serve'
actionpack (5.2.0) lib/action_dispatch/journey/router.rb:35:in `each'
actionpack (5.2.0) lib/action_dispatch/journey/router.rb:35:in `serve'
actionpack (5.2.0) lib/action_dispatch/routing/route_set.rb:840:in `call'
warden (1.2.7) lib/warden/manager.rb:36:in `block in call'
warden (1.2.7) lib/warden/manager.rb:35:in `catch'
warden (1.2.7) lib/warden/manager.rb:35:in `call'
rack (2.0.5) lib/rack/tempfile_reaper.rb:15:in `call'
rack (2.0.5) lib/rack/etag.rb:25:in `call'
rack (2.0.5) lib/rack/conditional_get.rb:38:in `call'
rack (2.0.5) lib/rack/head.rb:12:in `call'
actionpack (5.2.0) lib/action_dispatch/http/content_security_policy.rb:18:in `call'
rack (2.0.5) lib/rack/session/abstract/id.rb:232:in `context'
rack (2.0.5) lib/rack/session/abstract/id.rb:226:in `call'
actionpack (5.2.0) lib/action_dispatch/middleware/cookies.rb:670:in `call'
activerecord (5.2.0) lib/active_record/migration.rb:559:in `call'
actionpack (5.2.0) lib/action_dispatch/middleware/callbacks.rb:28:in `block in call'
activesupport (5.2.0) lib/active_support/callbacks.rb:98:in `run_callbacks'
actionpack (5.2.0) lib/action_dispatch/middleware/callbacks.rb:26:in `call'
actionpack (5.2.0) lib/action_dispatch/middleware/executor.rb:14:in `call'
actionpack (5.2.0) lib/action_dispatch/middleware/debug_exceptions.rb:61:in `call'
web-console (3.6.2) lib/web_console/middleware.rb:135:in `call_app'
web-console (3.6.2) lib/web_console/middleware.rb:30:in `block in call'
web-console (3.6.2) lib/web_console/middleware.rb:20:in `catch'
web-console (3.6.2) lib/web_console/middleware.rb:20:in `call'
actionpack (5.2.0) lib/action_dispatch/middleware/show_exceptions.rb:33:in `call'
railties (5.2.0) lib/rails/rack/logger.rb:38:in `call_app'
railties (5.2.0) lib/rails/rack/logger.rb:26:in `block in call'
activesupport (5.2.0) lib/active_support/tagged_logging.rb:71:in `block in tagged'
activesupport (5.2.0) lib/active_support/tagged_logging.rb:28:in `tagged'
activesupport (5.2.0) lib/active_support/tagged_logging.rb:71:in `tagged'
railties (5.2.0) lib/rails/rack/logger.rb:26:in `call'
actionpack (5.2.0) lib/action_dispatch/middleware/remote_ip.rb:81:in `call'
actionpack (5.2.0) lib/action_dispatch/middleware/request_id.rb:27:in `call'
rack (2.0.5) lib/rack/method_override.rb:22:in `call'
rack (2.0.5) lib/rack/runtime.rb:22:in `call'
activesupport (5.2.0) lib/active_support/cache/strategy/local_cache_middleware.rb:29:in `call'
actionpack (5.2.0) lib/action_dispatch/middleware/executor.rb:14:in `call'
actionpack (5.2.0) lib/action_dispatch/middleware/static.rb:127:in `call'
rack (2.0.5) lib/rack/sendfile.rb:111:in `call'
webpacker (3.5.5) lib/webpacker/dev_server_proxy.rb:22:in `perform_request'
rack-proxy (0.6.4) lib/rack/proxy.rb:57:in `call'
railties (5.2.0) lib/rails/engine.rb:524:in `call'
puma (3.12.0) lib/puma/configuration.rb:225:in `call'
puma (3.12.0) lib/puma/server.rb:658:in `handle_request'
puma (3.12.0) lib/puma/server.rb:472:in `process_client'
puma (3.12.0) lib/puma/server.rb:332:in `block in run'
puma (3.12.0) lib/puma/thread_pool.rb:133:in `block in spawn_thread'
Started POST "/users/sign_in" for 127.0.0.1 at 2018-08-01 14:55:20 +0300
  
SyntaxError (D:/lwwwr/makeown/app/models/user.rb:6: syntax error, unexpected tSYMBEG, expecting keyword_do or '{' or '('
  has_one :user_info, dependent: :delete
          ^):
  
app/models/user.rb:6: syntax error, unexpected tSYMBEG, expecting keyword_do or '{' or '('
config/routes.rb:2:in `block in <top (required)>'
config/routes.rb:1:in `<top (required)>'
Started POST "/users/sign_in" for 127.0.0.1 at 2018-08-01 14:55:45 +0300
  
SyntaxError (D:/lwwwr/makeown/app/models/user.rb:6: syntax error, unexpected tSYMBEG, expecting keyword_do or '{' or '('
  has_one :user_info, dependent: :delete
          ^):
  
app/models/user.rb:6: syntax error, unexpected tSYMBEG, expecting keyword_do or '{' or '('
config/routes.rb:2:in `block in <top (required)>'
config/routes.rb:1:in `<top (required)>'
Started POST "/users/sign_in" for 127.0.0.1 at 2018-08-01 14:55:54 +0300
  
ActionController::RoutingError (No route matches [POST] "/users/sign_in"):
  
actionpack (5.2.0) lib/action_dispatch/middleware/debug_exceptions.rb:65:in `call'
web-console (3.6.2) lib/web_console/middleware.rb:135:in `call_app'
web-console (3.6.2) lib/web_console/middleware.rb:30:in `block in call'
web-console (3.6.2) lib/web_console/middleware.rb:20:in `catch'
web-console (3.6.2) lib/web_console/middleware.rb:20:in `call'
actionpack (5.2.0) lib/action_dispatch/middleware/show_exceptions.rb:33:in `call'
railties (5.2.0) lib/rails/rack/logger.rb:38:in `call_app'
railties (5.2.0) lib/rails/rack/logger.rb:26:in `block in call'
activesupport (5.2.0) lib/active_support/tagged_logging.rb:71:in `block in tagged'
activesupport (5.2.0) lib/active_support/tagged_logging.rb:28:in `tagged'
activesupport (5.2.0) lib/active_support/tagged_logging.rb:71:in `tagged'
railties (5.2.0) lib/rails/rack/logger.rb:26:in `call'
actionpack (5.2.0) lib/action_dispatch/middleware/remote_ip.rb:81:in `call'
actionpack (5.2.0) lib/action_dispatch/middleware/request_id.rb:27:in `call'
rack (2.0.5) lib/rack/method_override.rb:22:in `call'
rack (2.0.5) lib/rack/runtime.rb:22:in `call'
activesupport (5.2.0) lib/active_support/cache/strategy/local_cache_middleware.rb:29:in `call'
actionpack (5.2.0) lib/action_dispatch/middleware/executor.rb:14:in `call'
actionpack (5.2.0) lib/action_dispatch/middleware/static.rb:127:in `call'
rack (2.0.5) lib/rack/sendfile.rb:111:in `call'
webpacker (3.5.5) lib/webpacker/dev_server_proxy.rb:22:in `perform_request'
rack-proxy (0.6.4) lib/rack/proxy.rb:57:in `call'
railties (5.2.0) lib/rails/engine.rb:524:in `call'
puma (3.12.0) lib/puma/configuration.rb:225:in `call'
puma (3.12.0) lib/puma/server.rb:658:in `handle_request'
puma (3.12.0) lib/puma/server.rb:472:in `process_client'
puma (3.12.0) lib/puma/server.rb:332:in `block in run'
puma (3.12.0) lib/puma/thread_pool.rb:133:in `block in spawn_thread'
Started GET "/users/sign_in" for 127.0.0.1 at 2018-08-01 14:58:52 +0300
  [1m[35m (2.0ms)[0m  [1m[34mSELECT "schema_migrations"."version" FROM "schema_migrations" ORDER BY "schema_migrations"."version" ASC[0m
  ↳ C:/Ruby25-x64/lib/ruby/gems/2.5.0/gems/activerecord-5.2.0/lib/active_record/log_subscriber.rb:98
Processing by Devise::SessionsController#new as HTML
  Rendering devise/sessions/new.html.erb within layouts/application
  Rendered devise/shared/_links.html.erb (1.0ms)
  Rendered devise/sessions/new.html.erb within layouts/application (1317.1ms)
  Rendered shared/_flashes.html.erb (0.0ms)
Completed 200 OK in 1535ms (Views: 1494.5ms | ActiveRecord: 4.0ms)


Started POST "/users/sign_in" for 127.0.0.1 at 2018-08-01 14:58:59 +0300
Processing by Devise::SessionsController#create as HTML
  Parameters: {"utf8"=>"✓", "authenticity_token"=>"ZTgHF+JiZ//y1YeD035tja4lB0CV7EBKlaN5B+T+705fsmEN70vk1PwD489hY3oXidWNE6r9R7YmccMp8Ie+wA==", "user"=>{"email"=>"errorlwwwr@gmail.com", "password"=>"[FILTERED]", "remember_me"=>"0"}, "commit"=>"Log in"}
  [1m[36mUser Load (3.0ms)[0m  [1m[34mSELECT  "users".* FROM "users" WHERE "users"."email" = $1 ORDER BY "users"."id" ASC LIMIT $2[0m  [["email", "errorlwwwr@gmail.com"], ["LIMIT", 1]]
  ↳ C:/Ruby25-x64/lib/ruby/gems/2.5.0/gems/activerecord-5.2.0/lib/active_record/log_subscriber.rb:98
Redirected to http://localhost:3000/orders/new
Completed 302 Found in 288ms (ActiveRecord: 3.0ms)


Started GET "/orders/new" for 127.0.0.1 at 2018-08-01 14:59:00 +0300
Processing by OrdersController#new as HTML
  [1m[36mUser Load (1.0ms)[0m  [1m[34mSELECT  "users".* FROM "users" WHERE "users"."id" = $1 ORDER BY "users"."id" ASC LIMIT $2[0m  [["id", 1], ["LIMIT", 1]]
  ↳ C:/Ruby25-x64/lib/ruby/gems/2.5.0/gems/activerecord-5.2.0/lib/active_record/log_subscriber.rb:98
  Rendering orders/new.html.erb within layouts/application
  Rendered orders/_form.html.erb (2.0ms)
  Rendered orders/new.html.erb within layouts/application (13.0ms)
  Rendered shared/_flashes.html.erb (1.0ms)
Completed 200 OK in 187ms (Views: 152.1ms | ActiveRecord: 5.0ms)


Started GET "/orders" for 127.0.0.1 at 2018-08-01 14:59:09 +0300
Processing by OrdersController#index as HTML
  Rendering orders/index.html.erb within layouts/application
  [1m[36mOrder Load (1.0ms)[0m  [1m[34mSELECT "orders".* FROM "orders"[0m
  ↳ app/views/orders/index.html.erb:13
  Rendered orders/index.html.erb within layouts/application (3.0ms)
  Rendered shared/_flashes.html.erb (0.0ms)
Completed 200 OK in 151ms (Views: 139.1ms | ActiveRecord: 1.0ms)


Started GET "/orders/new" for 127.0.0.1 at 2018-08-01 14:59:11 +0300
Processing by OrdersController#new as HTML
  [1m[36mUser Load (0.0ms)[0m  [1m[34mSELECT  "users".* FROM "users" WHERE "users"."id" = $1 ORDER BY "users"."id" ASC LIMIT $2[0m  [["id", 1], ["LIMIT", 1]]
  ↳ C:/Ruby25-x64/lib/ruby/gems/2.5.0/gems/activerecord-5.2.0/lib/active_record/log_subscriber.rb:98
  Rendering orders/new.html.erb within layouts/application
  Rendered orders/_form.html.erb (1.0ms)
  Rendered orders/new.html.erb within layouts/application (16.0ms)
  Rendered shared/_flashes.html.erb (0.0ms)
Completed 200 OK in 189ms (Views: 175.5ms | ActiveRecord: 0.0ms)


Started POST "/orders" for 127.0.0.1 at 2018-08-01 14:59:14 +0300
Processing by OrdersController#create as HTML
  Parameters: {"utf8"=>"✓", "authenticity_token"=>"1jF6Sa0aHiNCWqbVGy0bn9mxlT4TmC0kpi0k0odTkG4/kXE3g5Hrh3r0R7stfHOhgCUvHtabmj6CK9QZ5nHonw==", "commit"=>"Create Order"}
  [1m[36mUser Load (0.0ms)[0m  [1m[34mSELECT  "users".* FROM "users" WHERE "users"."id" = $1 ORDER BY "users"."id" ASC LIMIT $2[0m  [["id", 1], ["LIMIT", 1]]
  ↳ C:/Ruby25-x64/lib/ruby/gems/2.5.0/gems/activerecord-5.2.0/lib/active_record/log_subscriber.rb:98
Completed 500 Internal Server Error in 2ms (ActiveRecord: 0.0ms)


  
ArgumentError (You are passing an instance of ActiveRecord::Base to `find`. Please pass the id of the object by calling `.id`.):
  
app/controllers/orders_controller.rb:23:in `create'
Started POST "/orders" for 127.0.0.1 at 2018-08-01 14:59:53 +0300
Processing by OrdersController#create as HTML
  Parameters: {"utf8"=>"✓", "authenticity_token"=>"1jF6Sa0aHiNCWqbVGy0bn9mxlT4TmC0kpi0k0odTkG4/kXE3g5Hrh3r0R7stfHOhgCUvHtabmj6CK9QZ5nHonw==", "commit"=>"Create Order"}
  [1m[36mUser Load (0.0ms)[0m  [1m[34mSELECT  "users".* FROM "users" WHERE "users"."id" = $1 ORDER BY "users"."id" ASC LIMIT $2[0m  [["id", 1], ["LIMIT", 1]]
  ↳ C:/Ruby25-x64/lib/ruby/gems/2.5.0/gems/activerecord-5.2.0/lib/active_record/log_subscriber.rb:98
  [1m[36mUser Load (0.0ms)[0m  [1m[34mSELECT  "users".* FROM "users" WHERE "users"."id" = $1 LIMIT $2[0m  [["id", 1], ["LIMIT", 1]]
  ↳ app/controllers/orders_controller.rb:23
Unpermitted parameters: :utf8, :authenticity_token, :commit
  [1m[35m (1.0ms)[0m  [1m[35mBEGIN[0m
  ↳ app/controllers/orders_controller.rb:24
  [1m[36mOrder Create (38.0ms)[0m  [1m[32mINSERT INTO "orders" ("user_id", "created_at", "updated_at") VALUES ($1, $2, $3) RETURNING "id"[0m  [["user_id", 1], ["created_at", "2018-08-01 11:59:54.077950"], ["updated_at", "2018-08-01 11:59:54.077950"]]
  ↳ app/controllers/orders_controller.rb:24
  [1m[35m (1.0ms)[0m  [1m[35mCOMMIT[0m
  ↳ app/controllers/orders_controller.rb:24
  [1m[35m (0.0ms)[0m  [1m[35mBEGIN[0m
  ↳ app/controllers/orders_controller.rb:25
  [1m[35m (0.0ms)[0m  [1m[35mCOMMIT[0m
  ↳ app/controllers/orders_controller.rb:25
Redirected to http://localhost:3000/orders/1
Completed 302 Found in 232ms (ActiveRecord: 48.0ms)


Started GET "/orders/1" for 127.0.0.1 at 2018-08-01 14:59:54 +0300
Processing by OrdersController#show as HTML
  Parameters: {"id"=>"1"}
  [1m[36mOrder Load (0.0ms)[0m  [1m[34mSELECT  "orders".* FROM "orders" WHERE "orders"."id" = $1 LIMIT $2[0m  [["id", 1], ["LIMIT", 1]]
  ↳ app/controllers/orders_controller.rb:11
  Rendering orders/show.html.erb within layouts/application
  Rendered orders/show.html.erb within layouts/application (1.0ms)
  Rendered shared/_flashes.html.erb (0.0ms)
Completed 200 OK in 164ms (Views: 149.9ms | ActiveRecord: 0.0ms)


Started GET "/orders" for 127.0.0.1 at 2018-08-01 15:00:00 +0300
Processing by OrdersController#index as HTML
  Rendering orders/index.html.erb within layouts/application
  [1m[36mOrder Load (0.0ms)[0m  [1m[34mSELECT "orders".* FROM "orders"[0m
  ↳ app/views/orders/index.html.erb:13
  Rendered orders/index.html.erb within layouts/application (2.0ms)
  Rendered shared/_flashes.html.erb (1.0ms)
Completed 200 OK in 151ms (Views: 140.9ms | ActiveRecord: 0.0ms)


Started GET "/orders" for 127.0.0.1 at 2018-08-01 15:09:50 +0300
Processing by OrdersController#index as HTML
  Rendering orders/index.html.erb within layouts/application
  [1m[36mOrder Load (2.0ms)[0m  [1m[34mSELECT "orders".* FROM "orders"[0m
  ↳ app/views/orders/index.html.erb:13
  Rendered orders/index.html.erb within layouts/application (5.0ms)
  Rendered shared/_flashes.html.erb (1.0ms)
Completed 200 OK in 175ms (Views: 161.7ms | ActiveRecord: 2.0ms)


Started GET "/orders" for 127.0.0.1 at 2018-08-01 15:10:26 +0300
Processing by OrdersController#index as HTML
  Rendering orders/index.html.erb within layouts/application
  [1m[36mOrder Load (1.0ms)[0m  [1m[34mSELECT "orders".* FROM "orders"[0m
  ↳ app/views/orders/index.html.erb:13
  Rendered orders/index.html.erb within layouts/application (3.0ms)
[Webpacker] Compiling…
[Webpacker] Compiled all packs in D:/lwwwr/makeown/public/packs
  Rendered shared/_flashes.html.erb (0.0ms)
Completed 200 OK in 32434ms (Views: 32421.8ms | ActiveRecord: 1.0ms)


Started GET "/orders" for 127.0.0.1 at 2018-08-01 15:11:06 +0300
Processing by OrdersController#index as HTML
  Rendering orders/index.html.erb within layouts/application
  [1m[36mOrder Load (1.0ms)[0m  [1m[34mSELECT "orders".* FROM "orders"[0m
  ↳ app/views/orders/index.html.erb:13
  Rendered orders/index.html.erb within layouts/application (3.0ms)
  Rendered shared/_flashes.html.erb (1.0ms)
Completed 200 OK in 524ms (Views: 458.6ms | ActiveRecord: 1.0ms)


Started GET "/orders" for 127.0.0.1 at 2018-08-01 15:12:07 +0300
Processing by OrdersController#index as HTML
  Rendering orders/index.html.erb within layouts/application
  [1m[36mOrder Load (1.0ms)[0m  [1m[34mSELECT "orders".* FROM "orders"[0m
  ↳ app/views/orders/index.html.erb:13
  Rendered orders/index.html.erb within layouts/application (3.0ms)
[Webpacker] Compiling…
Started GET "/" for 127.0.0.1 at 2018-08-01 15:12:11 +0300
[Webpacker] Compiled all packs in D:/lwwwr/makeown/public/packs
  Rendered shared/_flashes.html.erb (1.0ms)
Completed 200 OK in 13410ms (Views: 13399.7ms | ActiveRecord: 1.0ms)


Processing by PagesController#home as HTML
Started GET "/" for 127.0.0.1 at 2018-08-01 15:12:21 +0300
  Rendering pages/home.html.erb within layouts/application
  Rendered pages/home.html.erb within layouts/application (0.0ms)
  Rendered shared/_flashes.html.erb (1.0ms)
Completed 200 OK in 161ms (Views: 146.3ms | ActiveRecord: 0.0ms)


Processing by PagesController#home as HTML
  Rendering pages/home.html.erb within layouts/application
  Rendered pages/home.html.erb within layouts/application (0.0ms)
  Rendered shared/_flashes.html.erb (0.0ms)
Completed 200 OK in 147ms (Views: 135.9ms | ActiveRecord: 0.0ms)


Started GET "/" for 127.0.0.1 at 2018-08-01 15:14:20 +0300
Processing by PagesController#home as HTML
  Rendering pages/home.html.erb within layouts/application
  Rendered pages/home.html.erb within layouts/application (1.0ms)
  Rendered shared/_flashes.html.erb (0.0ms)
Completed 200 OK in 158ms (Views: 145.3ms | ActiveRecord: 0.0ms)


Started GET "/" for 127.0.0.1 at 2018-08-01 15:14:23 +0300
Processing by PagesController#home as HTML
  Rendering pages/home.html.erb within layouts/application
  Rendered pages/home.html.erb within layouts/application (1.0ms)
  Rendered shared/_flashes.html.erb (0.0ms)
Completed 200 OK in 153ms (Views: 142.8ms | ActiveRecord: 0.0ms)


Started GET "/" for 127.0.0.1 at 2018-08-01 15:14:26 +0300
Processing by PagesController#home as HTML
  Rendering pages/home.html.erb within layouts/application
  Rendered pages/home.html.erb within layouts/application (1.0ms)
  Rendered shared/_flashes.html.erb (0.0ms)
Completed 200 OK in 149ms (Views: 138.6ms | ActiveRecord: 0.0ms)


Started GET "/" for 127.0.0.1 at 2018-08-01 15:14:29 +0300
Processing by PagesController#home as HTML
  Rendering pages/home.html.erb within layouts/application
  Rendered pages/home.html.erb within layouts/application (0.0ms)
  Rendered shared/_flashes.html.erb (0.0ms)
Completed 200 OK in 149ms (Views: 138.3ms | ActiveRecord: 0.0ms)


Started GET "/" for 127.0.0.1 at 2018-08-01 15:14:55 +0300
Processing by PagesController#home as HTML
  Rendering pages/home.html.erb within layouts/application
  Rendered pages/home.html.erb within layouts/application (1.0ms)
  Rendered shared/_flashes.html.erb (0.0ms)
Completed 200 OK in 149ms (Views: 138.8ms | ActiveRecord: 0.0ms)


Started GET "/" for 127.0.0.1 at 2018-08-01 15:15:48 +0300
Processing by PagesController#home as HTML
  Rendering pages/home.html.erb within layouts/application
  Rendered pages/home.html.erb within layouts/application (1.0ms)
  Rendered shared/_flashes.html.erb (0.0ms)
Completed 200 OK in 310ms (Views: 274.1ms | ActiveRecord: 0.0ms)


Started GET "/" for 127.0.0.1 at 2018-08-01 15:16:11 +0300
Processing by PagesController#home as HTML
  Rendering pages/home.html.erb within layouts/application
  Rendered pages/home.html.erb within layouts/application (1.0ms)
[Webpacker] Compiling…
[Webpacker] Compiled all packs in D:/lwwwr/makeown/public/packs
  Rendered shared/_flashes.html.erb (1.0ms)
Completed 200 OK in 12532ms (Views: 12521.9ms | ActiveRecord: 0.0ms)


Started GET "/" for 127.0.0.1 at 2018-08-01 15:16:36 +0300
Processing by PagesController#home as HTML
  Rendering pages/home.html.erb within layouts/application
  Rendered pages/home.html.erb within layouts/application (1.0ms)
  Rendered shared/_flashes.html.erb (0.0ms)
Completed 200 OK in 150ms (Views: 139.0ms | ActiveRecord: 0.0ms)


Started GET "/orders" for 127.0.0.1 at 2018-08-01 15:16:50 +0300
Processing by OrdersController#index as HTML
  Rendering orders/index.html.erb within layouts/application
  [1m[36mOrder Load (1.0ms)[0m  [1m[34mSELECT "orders".* FROM "orders"[0m
  ↳ app/views/orders/index.html.erb:13
  Rendered orders/index.html.erb within layouts/application (4.0ms)
  Rendered shared/_flashes.html.erb (1.0ms)
Completed 200 OK in 158ms (Views: 143.8ms | ActiveRecord: 1.0ms)


Started GET "/" for 127.0.0.1 at 2018-08-01 15:17:19 +0300
Processing by PagesController#home as HTML
  Rendering pages/home.html.erb within layouts/application
  Rendered pages/home.html.erb within layouts/application (1.0ms)
  Rendered shared/_flashes.html.erb (1.0ms)
Completed 200 OK in 170ms (Views: 157.7ms | ActiveRecord: 0.0ms)


Started GET "/" for 127.0.0.1 at 2018-08-01 15:17:54 +0300
Processing by PagesController#home as HTML
  Rendering pages/home.html.erb within layouts/application
  Rendered pages/home.html.erb within layouts/application (1.0ms)
  Rendered shared/_flashes.html.erb (2.0ms)
Completed 200 OK in 312ms (Views: 280.9ms | ActiveRecord: 0.0ms)


Started GET "/" for 127.0.0.1 at 2018-08-01 15:17:56 +0300
Processing by PagesController#home as HTML
  Rendering pages/home.html.erb within layouts/application
  Rendered pages/home.html.erb within layouts/application (2.0ms)
  Rendered shared/_flashes.html.erb (1.0ms)
Completed 200 OK in 153ms (Views: 142.3ms | ActiveRecord: 0.0ms)


Started GET "/" for 127.0.0.1 at 2018-08-01 15:19:02 +0300
Processing by PagesController#home as HTML
  Rendering pages/home.html.erb within layouts/application
  Rendered pages/home.html.erb within layouts/application (0.0ms)
  Rendered shared/_flashes.html.erb (0.0ms)
Completed 200 OK in 151ms (Views: 139.7ms | ActiveRecord: 0.0ms)


Started GET "/" for 127.0.0.1 at 2018-08-01 15:20:21 +0300
Processing by PagesController#home as HTML
  Rendering pages/home.html.erb within layouts/application
  Rendered pages/home.html.erb within layouts/application (1.0ms)
  Rendered shared/_flashes.html.erb (1.0ms)
Completed 200 OK in 322ms (Views: 291.9ms | ActiveRecord: 0.0ms)


Started GET "/" for 127.0.0.1 at 2018-08-01 15:21:40 +0300
Processing by PagesController#home as HTML
  Rendering pages/home.html.erb within layouts/application
  Rendered pages/home.html.erb within layouts/application (0.0ms)
[Webpacker] Compiling…
[Webpacker] Compiled all packs in D:/lwwwr/makeown/public/packs
  Rendered shared/_flashes.html.erb (1.0ms)
Completed 200 OK in 14629ms (Views: 14615.5ms | ActiveRecord: 0.0ms)


Started GET "/" for 127.0.0.1 at 2018-08-01 15:23:28 +0300
Processing by PagesController#home as HTML
  Rendering pages/home.html.erb within layouts/application
  Rendered pages/home.html.erb within layouts/application (0.0ms)
[Webpacker] Compiling…
[Webpacker] Compiled all packs in D:/lwwwr/makeown/public/packs
  Rendered shared/_flashes.html.erb (1.0ms)
Completed 200 OK in 13890ms (Views: 13881.3ms | ActiveRecord: 0.0ms)


Started GET "/" for 127.0.0.1 at 2018-08-01 15:26:23 +0300
Processing by PagesController#home as HTML
  Rendering pages/home.html.erb within layouts/application
  Rendered pages/home.html.erb within layouts/application (1.0ms)
  Rendered shared/_flashes.html.erb (1.0ms)
Completed 200 OK in 158ms (Views: 148.3ms | ActiveRecord: 0.0ms)


Started GET "/" for 127.0.0.1 at 2018-08-01 15:27:05 +0300
Processing by PagesController#home as HTML
  Rendering pages/home.html.erb within layouts/application
  Rendered pages/home.html.erb within layouts/application (1.0ms)
[Webpacker] Compiling…
[Webpacker] Compiled all packs in D:/lwwwr/makeown/public/packs
  Rendered shared/_flashes.html.erb (1.0ms)
Completed 200 OK in 17372ms (Views: 17361.8ms | ActiveRecord: 0.0ms)


Started GET "/orders" for 127.0.0.1 at 2018-08-01 15:27:40 +0300
Processing by OrdersController#index as HTML
  Rendering orders/index.html.erb within layouts/application
  [1m[36mOrder Load (1.0ms)[0m  [1m[34mSELECT "orders".* FROM "orders"[0m
  ↳ app/views/orders/index.html.erb:13
  Rendered orders/index.html.erb within layouts/application (3.0ms)
  Rendered shared/_flashes.html.erb (1.0ms)
Completed 200 OK in 151ms (Views: 139.1ms | ActiveRecord: 1.0ms)


